Info: Starting: Create block symbol file (.bsf)
Info: qsys-generate C:\Users\Johannes\source\repos\AudioVisualizer\nios2_subsystem.qsys --block-symbol-file --output-directory=C:\Users\Johannes\source\repos\AudioVisualizer\nios2_subsystem --family="Cyclone IV E" --part=EP4CE115F29C7
Progress: Loading AudioVisualizer/nios2_subsystem.qsys
Progress: Reading input file
Progress: Adding clk_50 [clock_source 20.1]
Progress: Parameterizing module clk_50
Progress: Adding jtag_uart [altera_avalon_jtag_uart 20.1]
Progress: Parameterizing module jtag_uart
Progress: Adding nios2_gen2 [altera_nios2_gen2 20.1]
Progress: Parameterizing module nios2_gen2
Progress: Adding nios_custom_instr_floating_point_2_0 [altera_nios_custom_instr_floating_point_2 20.1]
Progress: Parameterizing module nios_custom_instr_floating_point_2_0
Progress: Adding onchip_memory2 [altera_avalon_onchip_memory2 20.1]
Progress: Parameterizing module onchip_memory2
Progress: Adding pio_data_back [altera_avalon_pio 20.1]
Progress: Parameterizing module pio_data_back
Progress: Adding pio_fifo_q [altera_avalon_pio 20.1]
Progress: Parameterizing module pio_fifo_q
Progress: Adding pio_fifo_rdempty [altera_avalon_pio 20.1]
Progress: Parameterizing module pio_fifo_rdempty
Progress: Adding pio_fifo_rdfull [altera_avalon_pio 20.1]
Progress: Parameterizing module pio_fifo_rdfull
Progress: Adding pio_fifo_rdreq [altera_avalon_pio 20.1]
Progress: Parameterizing module pio_fifo_rdreq
Progress: Adding pio_vga_fifo_data [altera_avalon_pio 20.1]
Progress: Parameterizing module pio_vga_fifo_data
Progress: Adding pio_vga_fifo_full [altera_avalon_pio 20.1]
Progress: Parameterizing module pio_vga_fifo_full
Progress: Adding pio_vga_fifo_wrreq [altera_avalon_pio 20.1]
Progress: Parameterizing module pio_vga_fifo_wrreq
Progress: Building connections
Progress: Parameterizing connections
Progress: Validating
Progress: Done reading input file
Info: nios2_subsystem.jtag_uart: JTAG UART IP input clock need to be at least double (2x) the operating frequency of JTAG TCK on board
Info: nios2_subsystem.pio_fifo_q: PIO inputs are not hardwired in test bench. Undefined values will be read from PIO inputs during simulation.
Info: nios2_subsystem.pio_fifo_rdempty: PIO inputs are not hardwired in test bench. Undefined values will be read from PIO inputs during simulation.
Info: nios2_subsystem.pio_fifo_rdfull: PIO inputs are not hardwired in test bench. Undefined values will be read from PIO inputs during simulation.
Info: nios2_subsystem.pio_vga_fifo_full: PIO inputs are not hardwired in test bench. Undefined values will be read from PIO inputs during simulation.
Info: qsys-generate succeeded.
Info: Finished: Create block symbol file (.bsf)
Info: 
Info: Starting: Create HDL design files for synthesis
Info: qsys-generate C:\Users\Johannes\source\repos\AudioVisualizer\nios2_subsystem.qsys --synthesis=VERILOG --output-directory=C:\Users\Johannes\source\repos\AudioVisualizer\nios2_subsystem\synthesis --family="Cyclone IV E" --part=EP4CE115F29C7
Progress: Loading AudioVisualizer/nios2_subsystem.qsys
Progress: Reading input file
Progress: Adding clk_50 [clock_source 20.1]
Progress: Parameterizing module clk_50
Progress: Adding jtag_uart [altera_avalon_jtag_uart 20.1]
Progress: Parameterizing module jtag_uart
Progress: Adding nios2_gen2 [altera_nios2_gen2 20.1]
Progress: Parameterizing module nios2_gen2
Progress: Adding nios_custom_instr_floating_point_2_0 [altera_nios_custom_instr_floating_point_2 20.1]
Progress: Parameterizing module nios_custom_instr_floating_point_2_0
Progress: Adding onchip_memory2 [altera_avalon_onchip_memory2 20.1]
Progress: Parameterizing module onchip_memory2
Progress: Adding pio_data_back [altera_avalon_pio 20.1]
Progress: Parameterizing module pio_data_back
Progress: Adding pio_fifo_q [altera_avalon_pio 20.1]
Progress: Parameterizing module pio_fifo_q
Progress: Adding pio_fifo_rdempty [altera_avalon_pio 20.1]
Progress: Parameterizing module pio_fifo_rdempty
Progress: Adding pio_fifo_rdfull [altera_avalon_pio 20.1]
Progress: Parameterizing module pio_fifo_rdfull
Progress: Adding pio_fifo_rdreq [altera_avalon_pio 20.1]
Progress: Parameterizing module pio_fifo_rdreq
Progress: Adding pio_vga_fifo_data [altera_avalon_pio 20.1]
Progress: Parameterizing module pio_vga_fifo_data
Progress: Adding pio_vga_fifo_full [altera_avalon_pio 20.1]
Progress: Parameterizing module pio_vga_fifo_full
Progress: Adding pio_vga_fifo_wrreq [altera_avalon_pio 20.1]
Progress: Parameterizing module pio_vga_fifo_wrreq
Progress: Building connections
Progress: Parameterizing connections
Progress: Validating
Progress: Done reading input file
Info: nios2_subsystem.jtag_uart: JTAG UART IP input clock need to be at least double (2x) the operating frequency of JTAG TCK on board
Info: nios2_subsystem.pio_fifo_q: PIO inputs are not hardwired in test bench. Undefined values will be read from PIO inputs during simulation.
Info: nios2_subsystem.pio_fifo_rdempty: PIO inputs are not hardwired in test bench. Undefined values will be read from PIO inputs during simulation.
Info: nios2_subsystem.pio_fifo_rdfull: PIO inputs are not hardwired in test bench. Undefined values will be read from PIO inputs during simulation.
Info: nios2_subsystem.pio_vga_fifo_full: PIO inputs are not hardwired in test bench. Undefined values will be read from PIO inputs during simulation.
Info: nios2_subsystem: Generating nios2_subsystem "nios2_subsystem" for QUARTUS_SYNTH
Warning: nios2_subsystem: "No matching role found for nios2_gen2_custom_instruction_master_multi_xconnect:ci_slave:ci_slave_ipending (ipending)"
Warning: nios2_subsystem: "No matching role found for nios2_gen2_custom_instruction_master_multi_xconnect:ci_slave:ci_slave_estatus (estatus)"
Info: jtag_uart: Starting RTL generation for module 'nios2_subsystem_jtag_uart'
Info: jtag_uart:   Generation command is [exec C:/intelfpga_lite/20.1/quartus/bin64/perl/bin/perl.exe -I C:/intelfpga_lite/20.1/quartus/bin64/perl/lib -I C:/intelfpga_lite/20.1/quartus/sopc_builder/bin/europa -I C:/intelfpga_lite/20.1/quartus/sopc_builder/bin -I C:/intelfpga_lite/20.1/quartus/../ip/altera/sopc_builder_ip/common -I C:/intelfpga_lite/20.1/quartus/../ip/altera/sopc_builder_ip/altera_avalon_jtag_uart -- C:/intelfpga_lite/20.1/quartus/../ip/altera/sopc_builder_ip/altera_avalon_jtag_uart/generate_rtl.pl --name=nios2_subsystem_jtag_uart --dir=C:/Users/Johannes/AppData/Local/Temp/alt8799_7887728048498276466.dir/0002_jtag_uart_gen/ --quartus_dir=C:/intelfpga_lite/20.1/quartus --verilog --config=C:/Users/Johannes/AppData/Local/Temp/alt8799_7887728048498276466.dir/0002_jtag_uart_gen//nios2_subsystem_jtag_uart_component_configuration.pl  --do_build_sim=0  ]
Info: jtag_uart: Done RTL generation for module 'nios2_subsystem_jtag_uart'
Info: jtag_uart: "nios2_subsystem" instantiated altera_avalon_jtag_uart "jtag_uart"
Info: nios2_gen2: "nios2_subsystem" instantiated altera_nios2_gen2 "nios2_gen2"
Info: nios_custom_instr_floating_point_2_0: "nios2_subsystem" instantiated altera_nios_custom_instr_floating_point_2 "nios_custom_instr_floating_point_2_0"
Info: onchip_memory2: Starting RTL generation for module 'nios2_subsystem_onchip_memory2'
Info: onchip_memory2:   Generation command is [exec C:/intelfpga_lite/20.1/quartus/bin64/perl/bin/perl.exe -I C:/intelfpga_lite/20.1/quartus/bin64/perl/lib -I C:/intelfpga_lite/20.1/quartus/sopc_builder/bin/europa -I C:/intelfpga_lite/20.1/quartus/sopc_builder/bin -I C:/intelfpga_lite/20.1/quartus/../ip/altera/sopc_builder_ip/common -I C:/intelfpga_lite/20.1/quartus/../ip/altera/sopc_builder_ip/altera_avalon_onchip_memory2 -- C:/intelfpga_lite/20.1/quartus/../ip/altera/sopc_builder_ip/altera_avalon_onchip_memory2/generate_rtl.pl --name=nios2_subsystem_onchip_memory2 --dir=C:/Users/Johannes/AppData/Local/Temp/alt8799_7887728048498276466.dir/0003_onchip_memory2_gen/ --quartus_dir=C:/intelfpga_lite/20.1/quartus --verilog --config=C:/Users/Johannes/AppData/Local/Temp/alt8799_7887728048498276466.dir/0003_onchip_memory2_gen//nios2_subsystem_onchip_memory2_component_configuration.pl  --do_build_sim=0  ]
Info: onchip_memory2: Done RTL generation for module 'nios2_subsystem_onchip_memory2'
Info: onchip_memory2: "nios2_subsystem" instantiated altera_avalon_onchip_memory2 "onchip_memory2"
Info: pio_data_back: Starting RTL generation for module 'nios2_subsystem_pio_data_back'
Info: pio_data_back:   Generation command is [exec C:/intelfpga_lite/20.1/quartus/bin64/perl/bin/perl.exe -I C:/intelfpga_lite/20.1/quartus/bin64/perl/lib -I C:/intelfpga_lite/20.1/quartus/sopc_builder/bin/europa -I C:/intelfpga_lite/20.1/quartus/sopc_builder/bin -I C:/intelfpga_lite/20.1/quartus/../ip/altera/sopc_builder_ip/common -I C:/intelfpga_lite/20.1/quartus/../ip/altera/sopc_builder_ip/altera_avalon_pio -- C:/intelfpga_lite/20.1/quartus/../ip/altera/sopc_builder_ip/altera_avalon_pio/generate_rtl.pl --name=nios2_subsystem_pio_data_back --dir=C:/Users/Johannes/AppData/Local/Temp/alt8799_7887728048498276466.dir/0004_pio_data_back_gen/ --quartus_dir=C:/intelfpga_lite/20.1/quartus --verilog --config=C:/Users/Johannes/AppData/Local/Temp/alt8799_7887728048498276466.dir/0004_pio_data_back_gen//nios2_subsystem_pio_data_back_component_configuration.pl  --do_build_sim=0  ]
Info: pio_data_back: Done RTL generation for module 'nios2_subsystem_pio_data_back'
Info: pio_data_back: "nios2_subsystem" instantiated altera_avalon_pio "pio_data_back"
Info: pio_fifo_q: Starting RTL generation for module 'nios2_subsystem_pio_fifo_q'
Info: pio_fifo_q:   Generation command is [exec C:/intelfpga_lite/20.1/quartus/bin64/perl/bin/perl.exe -I C:/intelfpga_lite/20.1/quartus/bin64/perl/lib -I C:/intelfpga_lite/20.1/quartus/sopc_builder/bin/europa -I C:/intelfpga_lite/20.1/quartus/sopc_builder/bin -I C:/intelfpga_lite/20.1/quartus/../ip/altera/sopc_builder_ip/common -I C:/intelfpga_lite/20.1/quartus/../ip/altera/sopc_builder_ip/altera_avalon_pio -- C:/intelfpga_lite/20.1/quartus/../ip/altera/sopc_builder_ip/altera_avalon_pio/generate_rtl.pl --name=nios2_subsystem_pio_fifo_q --dir=C:/Users/Johannes/AppData/Local/Temp/alt8799_7887728048498276466.dir/0005_pio_fifo_q_gen/ --quartus_dir=C:/intelfpga_lite/20.1/quartus --verilog --config=C:/Users/Johannes/AppData/Local/Temp/alt8799_7887728048498276466.dir/0005_pio_fifo_q_gen//nios2_subsystem_pio_fifo_q_component_configuration.pl  --do_build_sim=0  ]
Info: pio_fifo_q: Done RTL generation for module 'nios2_subsystem_pio_fifo_q'
Info: pio_fifo_q: "nios2_subsystem" instantiated altera_avalon_pio "pio_fifo_q"
Info: pio_fifo_rdempty: Starting RTL generation for module 'nios2_subsystem_pio_fifo_rdempty'
Info: pio_fifo_rdempty:   Generation command is [exec C:/intelfpga_lite/20.1/quartus/bin64/perl/bin/perl.exe -I C:/intelfpga_lite/20.1/quartus/bin64/perl/lib -I C:/intelfpga_lite/20.1/quartus/sopc_builder/bin/europa -I C:/intelfpga_lite/20.1/quartus/sopc_builder/bin -I C:/intelfpga_lite/20.1/quartus/../ip/altera/sopc_builder_ip/common -I C:/intelfpga_lite/20.1/quartus/../ip/altera/sopc_builder_ip/altera_avalon_pio -- C:/intelfpga_lite/20.1/quartus/../ip/altera/sopc_builder_ip/altera_avalon_pio/generate_rtl.pl --name=nios2_subsystem_pio_fifo_rdempty --dir=C:/Users/Johannes/AppData/Local/Temp/alt8799_7887728048498276466.dir/0006_pio_fifo_rdempty_gen/ --quartus_dir=C:/intelfpga_lite/20.1/quartus --verilog --config=C:/Users/Johannes/AppData/Local/Temp/alt8799_7887728048498276466.dir/0006_pio_fifo_rdempty_gen//nios2_subsystem_pio_fifo_rdempty_component_configuration.pl  --do_build_sim=0  ]
Info: pio_fifo_rdempty: Done RTL generation for module 'nios2_subsystem_pio_fifo_rdempty'
Info: pio_fifo_rdempty: "nios2_subsystem" instantiated altera_avalon_pio "pio_fifo_rdempty"
Info: pio_vga_fifo_data: Starting RTL generation for module 'nios2_subsystem_pio_vga_fifo_data'
Info: pio_vga_fifo_data:   Generation command is [exec C:/intelfpga_lite/20.1/quartus/bin64/perl/bin/perl.exe -I C:/intelfpga_lite/20.1/quartus/bin64/perl/lib -I C:/intelfpga_lite/20.1/quartus/sopc_builder/bin/europa -I C:/intelfpga_lite/20.1/quartus/sopc_builder/bin -I C:/intelfpga_lite/20.1/quartus/../ip/altera/sopc_builder_ip/common -I C:/intelfpga_lite/20.1/quartus/../ip/altera/sopc_builder_ip/altera_avalon_pio -- C:/intelfpga_lite/20.1/quartus/../ip/altera/sopc_builder_ip/altera_avalon_pio/generate_rtl.pl --name=nios2_subsystem_pio_vga_fifo_data --dir=C:/Users/Johannes/AppData/Local/Temp/alt8799_7887728048498276466.dir/0007_pio_vga_fifo_data_gen/ --quartus_dir=C:/intelfpga_lite/20.1/quartus --verilog --config=C:/Users/Johannes/AppData/Local/Temp/alt8799_7887728048498276466.dir/0007_pio_vga_fifo_data_gen//nios2_subsystem_pio_vga_fifo_data_component_configuration.pl  --do_build_sim=0  ]
Info: pio_vga_fifo_data: Done RTL generation for module 'nios2_subsystem_pio_vga_fifo_data'
Info: pio_vga_fifo_data: "nios2_subsystem" instantiated altera_avalon_pio "pio_vga_fifo_data"
Info: nios2_gen2_custom_instruction_master_translator: "nios2_subsystem" instantiated altera_customins_master_translator "nios2_gen2_custom_instruction_master_translator"
Info: nios2_gen2_custom_instruction_master_comb_xconnect: "nios2_subsystem" instantiated altera_customins_xconnect "nios2_gen2_custom_instruction_master_comb_xconnect"
Info: nios2_gen2_custom_instruction_master_comb_slave_translator0: "nios2_subsystem" instantiated altera_customins_slave_translator "nios2_gen2_custom_instruction_master_comb_slave_translator0"
Info: nios2_gen2_custom_instruction_master_multi_xconnect: "nios2_subsystem" instantiated altera_customins_xconnect "nios2_gen2_custom_instruction_master_multi_xconnect"
Info: avalon_st_adapter: Inserting error_adapter: error_adapter_0
Info: avalon_st_adapter_001: Inserting error_adapter: error_adapter_0
Info: avalon_st_adapter_002: Inserting error_adapter: error_adapter_0
Info: avalon_st_adapter_003: Inserting error_adapter: error_adapter_0
Info: avalon_st_adapter_004: Inserting error_adapter: error_adapter_0
Info: avalon_st_adapter_005: Inserting error_adapter: error_adapter_0
Info: avalon_st_adapter_006: Inserting error_adapter: error_adapter_0
Info: avalon_st_adapter_007: Inserting error_adapter: error_adapter_0
Info: avalon_st_adapter_008: Inserting error_adapter: error_adapter_0
Info: avalon_st_adapter_009: Inserting error_adapter: error_adapter_0
Info: avalon_st_adapter_010: Inserting error_adapter: error_adapter_0
Info: mm_interconnect_0: "nios2_subsystem" instantiated altera_mm_interconnect "mm_interconnect_0"
Info: irq_mapper: "nios2_subsystem" instantiated altera_irq_mapper "irq_mapper"
Info: rst_controller: "nios2_subsystem" instantiated altera_reset_controller "rst_controller"
Info: cpu: Starting RTL generation for module 'nios2_subsystem_nios2_gen2_cpu'
Info: cpu:   Generation command is [exec C:/intelFPGA_lite/20.1/quartus/bin64//perl/bin/perl.exe -I C:/intelFPGA_lite/20.1/quartus/bin64//perl/lib -I C:/intelfpga_lite/20.1/quartus/sopc_builder/bin/europa -I C:/intelfpga_lite/20.1/quartus/sopc_builder/bin -I C:/intelfpga_lite/20.1/quartus/../ip/altera/nios2_ip/altera_nios2_gen2/cpu_lib -I C:/intelfpga_lite/20.1/quartus/../ip/altera/nios2_ip/altera_nios2_gen2/nios_lib -I C:/intelfpga_lite/20.1/quartus/../ip/altera/nios2_ip/altera_nios2_gen2 -I C:/intelfpga_lite/20.1/quartus/../ip/altera/nios2_ip/altera_nios2_gen2 -- C:/intelfpga_lite/20.1/quartus/../ip/altera/nios2_ip/altera_nios2_gen2/generate_rtl.pl --name=nios2_subsystem_nios2_gen2_cpu --dir=C:/Users/Johannes/AppData/Local/Temp/alt8799_7887728048498276466.dir/0014_cpu_gen/ --quartus_bindir=C:/intelFPGA_lite/20.1/quartus/bin64/ --verilog --config=C:/Users/Johannes/AppData/Local/Temp/alt8799_7887728048498276466.dir/0014_cpu_gen//nios2_subsystem_nios2_gen2_cpu_processor_configuration.pl  --do_build_sim=0  ]
Info: cpu: # 2021.06.21 21:39:46 (*) Starting Nios II generation
Info: cpu: # 2021.06.21 21:39:46 (*)   Elaborating CPU configuration settings
Info: cpu: # 2021.06.21 21:39:46 (*)   Creating all objects for CPU
Info: cpu: # 2021.06.21 21:39:46 (*)     Testbench
Info: cpu: # 2021.06.21 21:39:46 (*)     Instruction decoding
Info: cpu: # 2021.06.21 21:39:46 (*)       Instruction fields
Info: cpu: # 2021.06.21 21:39:47 (*)       Instruction decodes
Info: cpu: # 2021.06.21 21:39:47 (*)       Signals for RTL simulation waveforms
Info: cpu: # 2021.06.21 21:39:47 (*)       Instruction controls
Info: cpu: # 2021.06.21 21:39:47 (*)     Pipeline frontend
Info: cpu: # 2021.06.21 21:39:47 (*)     Pipeline backend
Info: cpu: # 2021.06.21 21:39:48 (*)   Generating RTL from CPU objects
Info: cpu: # 2021.06.21 21:39:48 (*)   Creating plain-text RTL
Info: cpu: # 2021.06.21 21:39:49 (*) Done Nios II generation
Info: cpu: Done RTL generation for module 'nios2_subsystem_nios2_gen2_cpu'
Info: cpu: "nios2_gen2" instantiated altera_nios2_gen2_unit "cpu"
Info: fpci_combi: "nios_custom_instr_floating_point_2_0" instantiated altera_nios_custom_instr_floating_point_2_combi "fpci_combi"
Info: fpci_multi: "nios_custom_instr_floating_point_2_0" instantiated altera_nios_custom_instr_floating_point_2_multi "fpci_multi"
Info: nios2_gen2_data_master_translator: "mm_interconnect_0" instantiated altera_merlin_master_translator "nios2_gen2_data_master_translator"
Info: jtag_uart_avalon_jtag_slave_translator: "mm_interconnect_0" instantiated altera_merlin_slave_translator "jtag_uart_avalon_jtag_slave_translator"
Info: nios2_gen2_data_master_agent: "mm_interconnect_0" instantiated altera_merlin_master_agent "nios2_gen2_data_master_agent"
Info: jtag_uart_avalon_jtag_slave_agent: "mm_interconnect_0" instantiated altera_merlin_slave_agent "jtag_uart_avalon_jtag_slave_agent"
Info: jtag_uart_avalon_jtag_slave_agent_rsp_fifo: "mm_interconnect_0" instantiated altera_avalon_sc_fifo "jtag_uart_avalon_jtag_slave_agent_rsp_fifo"
Info: router: "mm_interconnect_0" instantiated altera_merlin_router "router"
Info: router_001: "mm_interconnect_0" instantiated altera_merlin_router "router_001"
Info: router_002: "mm_interconnect_0" instantiated altera_merlin_router "router_002"
Info: router_010: "mm_interconnect_0" instantiated altera_merlin_router "router_010"
Info: nios2_gen2_data_master_limiter: "mm_interconnect_0" instantiated altera_merlin_traffic_limiter "nios2_gen2_data_master_limiter"
Info: Reusing file C:/Users/Johannes/source/repos/AudioVisualizer/nios2_subsystem/synthesis/submodules/altera_avalon_sc_fifo.v
Info: cmd_demux: "mm_interconnect_0" instantiated altera_merlin_demultiplexer "cmd_demux"
Info: cmd_demux_001: "mm_interconnect_0" instantiated altera_merlin_demultiplexer "cmd_demux_001"
Info: cmd_mux: "mm_interconnect_0" instantiated altera_merlin_multiplexer "cmd_mux"
Info: cmd_mux_008: "mm_interconnect_0" instantiated altera_merlin_multiplexer "cmd_mux_008"
Info: Reusing file C:/Users/Johannes/source/repos/AudioVisualizer/nios2_subsystem/synthesis/submodules/altera_merlin_arbitrator.sv
Info: rsp_demux: "mm_interconnect_0" instantiated altera_merlin_demultiplexer "rsp_demux"
Info: rsp_demux_008: "mm_interconnect_0" instantiated altera_merlin_demultiplexer "rsp_demux_008"
Info: rsp_mux: "mm_interconnect_0" instantiated altera_merlin_multiplexer "rsp_mux"
Info: Reusing file C:/Users/Johannes/source/repos/AudioVisualizer/nios2_subsystem/synthesis/submodules/altera_merlin_arbitrator.sv
Info: rsp_mux_001: "mm_interconnect_0" instantiated altera_merlin_multiplexer "rsp_mux_001"
Info: Reusing file C:/Users/Johannes/source/repos/AudioVisualizer/nios2_subsystem/synthesis/submodules/altera_merlin_arbitrator.sv
Info: avalon_st_adapter: "mm_interconnect_0" instantiated altera_avalon_st_adapter "avalon_st_adapter"
Info: error_adapter_0: "avalon_st_adapter" instantiated error_adapter "error_adapter_0"
Info: nios2_subsystem: Done "nios2_subsystem" with 39 modules, 77 files
Info: qsys-generate succeeded.
Info: Finished: Create HDL design files for synthesis
